Determining if the pthread_create exist failed with the following output:
Change Dir: /media/vincent/DATA/Ubuntu/Project/vlib/cmake-build-debug/CMakeFiles/CMakeTmp

Run Build Command:"/usr/bin/make" "cmTC_d367c/fast"
/usr/bin/make -f CMakeFiles/cmTC_d367c.dir/build.make CMakeFiles/cmTC_d367c.dir/build
make[1]: Entering directory '/media/vincent/DATA/Ubuntu/Project/vlib/cmake-build-debug/CMakeFiles/CMakeTmp'
Building C object CMakeFiles/cmTC_d367c.dir/CheckSymbolExists.c.o
/usr/bin/cc    -o CMakeFiles/cmTC_d367c.dir/CheckSymbolExists.c.o   -c /media/vincent/DATA/Ubuntu/Project/vlib/cmake-build-debug/CMakeFiles/CMakeTmp/CheckSymbolExists.c
Linking C executable cmTC_d367c
/media/vincent/DATA/Ubuntu/Software/clion/bin/cmake/bin/cmake -E cmake_link_script CMakeFiles/cmTC_d367c.dir/link.txt --verbose=1
/usr/bin/cc      CMakeFiles/cmTC_d367c.dir/CheckSymbolExists.c.o  -o cmTC_d367c 
CMakeFiles/cmTC_d367c.dir/CheckSymbolExists.c.o: In function `main':
CheckSymbolExists.c:(.text+0x16): undefined reference to `pthread_create'
collect2: error: ld returned 1 exit status
CMakeFiles/cmTC_d367c.dir/build.make:97: recipe for target 'cmTC_d367c' failed
make[1]: *** [cmTC_d367c] Error 1
make[1]: Leaving directory '/media/vincent/DATA/Ubuntu/Project/vlib/cmake-build-debug/CMakeFiles/CMakeTmp'
Makefile:126: recipe for target 'cmTC_d367c/fast' failed
make: *** [cmTC_d367c/fast] Error 2

File /media/vincent/DATA/Ubuntu/Project/vlib/cmake-build-debug/CMakeFiles/CMakeTmp/CheckSymbolExists.c:
/* */
#include <pthread.h>

int main(int argc, char** argv)
{
  (void)argv;
#ifndef pthread_create
  return ((int*)(&pthread_create))[argc];
#else
  (void)argc;
  return 0;
#endif
}

Determining if the function pthread_create exists in the pthreads failed with the following output:
Change Dir: /media/vincent/DATA/Ubuntu/Project/vlib/cmake-build-debug/CMakeFiles/CMakeTmp

Run Build Command:"/usr/bin/make" "cmTC_030d3/fast"
/usr/bin/make -f CMakeFiles/cmTC_030d3.dir/build.make CMakeFiles/cmTC_030d3.dir/build
make[1]: Entering directory '/media/vincent/DATA/Ubuntu/Project/vlib/cmake-build-debug/CMakeFiles/CMakeTmp'
Building C object CMakeFiles/cmTC_030d3.dir/CheckFunctionExists.c.o
/usr/bin/cc   -DCHECK_FUNCTION_EXISTS=pthread_create   -o CMakeFiles/cmTC_030d3.dir/CheckFunctionExists.c.o   -c /media/vincent/DATA/Ubuntu/Software/clion/bin/cmake/share/cmake-3.9/Modules/CheckFunctionExists.c
Linking C executable cmTC_030d3
/media/vincent/DATA/Ubuntu/Software/clion/bin/cmake/bin/cmake -E cmake_link_script CMakeFiles/cmTC_030d3.dir/link.txt --verbose=1
/usr/bin/cc  -DCHECK_FUNCTION_EXISTS=pthread_create    CMakeFiles/cmTC_030d3.dir/CheckFunctionExists.c.o  -o cmTC_030d3 -lpthreads 
/usr/bin/ld: cannot find -lpthreads
collect2: error: ld returned 1 exit status
CMakeFiles/cmTC_030d3.dir/build.make:97: recipe for target 'cmTC_030d3' failed
make[1]: *** [cmTC_030d3] Error 1
make[1]: Leaving directory '/media/vincent/DATA/Ubuntu/Project/vlib/cmake-build-debug/CMakeFiles/CMakeTmp'
Makefile:126: recipe for target 'cmTC_030d3/fast' failed
make: *** [cmTC_030d3/fast] Error 2


