Determining if the pthread_create exist failed with the following output:
Change Dir: /media/vincent/DATA/Ubuntu/Project/vlib/example/temp/CMakeFiles/CMakeTmp

Run Build Command:"/usr/bin/make" "cmTC_a095f/fast"
/usr/bin/make -f CMakeFiles/cmTC_a095f.dir/build.make CMakeFiles/cmTC_a095f.dir/build
make[1]: Entering directory '/media/vincent/DATA/Ubuntu/Project/vlib/example/temp/CMakeFiles/CMakeTmp'
Building C object CMakeFiles/cmTC_a095f.dir/CheckSymbolExists.c.o
/usr/bin/cc     -o CMakeFiles/cmTC_a095f.dir/CheckSymbolExists.c.o   -c /media/vincent/DATA/Ubuntu/Project/vlib/example/temp/CMakeFiles/CMakeTmp/CheckSymbolExists.c
Linking C executable cmTC_a095f
/usr/bin/cmake -E cmake_link_script CMakeFiles/cmTC_a095f.dir/link.txt --verbose=1
/usr/bin/cc       CMakeFiles/cmTC_a095f.dir/CheckSymbolExists.c.o  -o cmTC_a095f -rdynamic 
CMakeFiles/cmTC_a095f.dir/CheckSymbolExists.c.o: In function `main':
CheckSymbolExists.c:(.text+0x16): undefined reference to `pthread_create'
collect2: error: ld returned 1 exit status
CMakeFiles/cmTC_a095f.dir/build.make:97: recipe for target 'cmTC_a095f' failed
make[1]: *** [cmTC_a095f] Error 1
make[1]: Leaving directory '/media/vincent/DATA/Ubuntu/Project/vlib/example/temp/CMakeFiles/CMakeTmp'
Makefile:126: recipe for target 'cmTC_a095f/fast' failed
make: *** [cmTC_a095f/fast] Error 2

File /media/vincent/DATA/Ubuntu/Project/vlib/example/temp/CMakeFiles/CMakeTmp/CheckSymbolExists.c:
/* */
#include <pthread.h>

int main(int argc, char** argv)
{
  (void)argv;
#ifndef pthread_create
  return ((int*)(&pthread_create))[argc];
#else
  (void)argc;
  return 0;
#endif
}

Determining if the function pthread_create exists in the pthreads failed with the following output:
Change Dir: /media/vincent/DATA/Ubuntu/Project/vlib/example/temp/CMakeFiles/CMakeTmp

Run Build Command:"/usr/bin/make" "cmTC_fe9d2/fast"
/usr/bin/make -f CMakeFiles/cmTC_fe9d2.dir/build.make CMakeFiles/cmTC_fe9d2.dir/build
make[1]: Entering directory '/media/vincent/DATA/Ubuntu/Project/vlib/example/temp/CMakeFiles/CMakeTmp'
Building C object CMakeFiles/cmTC_fe9d2.dir/CheckFunctionExists.c.o
/usr/bin/cc    -DCHECK_FUNCTION_EXISTS=pthread_create   -o CMakeFiles/cmTC_fe9d2.dir/CheckFunctionExists.c.o   -c /usr/share/cmake-3.5/Modules/CheckFunctionExists.c
Linking C executable cmTC_fe9d2
/usr/bin/cmake -E cmake_link_script CMakeFiles/cmTC_fe9d2.dir/link.txt --verbose=1
/usr/bin/cc   -DCHECK_FUNCTION_EXISTS=pthread_create    CMakeFiles/cmTC_fe9d2.dir/CheckFunctionExists.c.o  -o cmTC_fe9d2 -rdynamic -lpthreads 
/usr/bin/ld: cannot find -lpthreads
collect2: error: ld returned 1 exit status
CMakeFiles/cmTC_fe9d2.dir/build.make:97: recipe for target 'cmTC_fe9d2' failed
make[1]: *** [cmTC_fe9d2] Error 1
make[1]: Leaving directory '/media/vincent/DATA/Ubuntu/Project/vlib/example/temp/CMakeFiles/CMakeTmp'
Makefile:126: recipe for target 'cmTC_fe9d2/fast' failed
make: *** [cmTC_fe9d2/fast] Error 2


